# JRE version: OpenJDK Runtime Environment (11.0.13) (build 11.0.13+0-b1751.21-8125866)
# Java VM: OpenJDK 64-Bit Server VM (11.0.13+0-b1751.21-8125866, mixed mode, tiered, compressed oops, g1 gc, windows-amd64)
Heap:
 garbage-first heap   total 199680K, used 164417K [0x00000000a0000000, 0x0000000100000000)
  region size 1024K, 51 young (52224K), 8 survivors (8192K)
 Metaspace       used 105734K, capacity 108855K, committed 109136K, reserved 1144832K
  class space    used 13639K, capacity 14752K, committed 14848K, reserved 1048576K
GC Heap History (20 events):
Event: 285.351 GC heap before
{Heap before GC invocations=250 (full 0):
 garbage-first heap   total 199680K, used 131474K [0x00000000a0000000, 0x0000000100000000)
  region size 1024K, 31 young (31744K), 2 survivors (2048K)
 Metaspace       used 94735K, capacity 97399K, committed 97488K, reserved 1134592K
  class space    used 12130K, capacity 13105K, committed 13184K, reserved 1048576K
}
Event: 285.354 GC heap after
{Heap after GC invocations=251 (full 0):
 garbage-first heap   total 199680K, used 101789K [0x00000000a0000000, 0x0000000100000000)
  region size 1024K, 1 young (1024K), 1 survivors (1024K)
 Metaspace       used 94735K, capacity 97399K, committed 97488K, reserved 1134592K
  class space    used 12130K, capacity 13105K, committed 13184K, reserved 1048576K
}
Event: 286.116 GC heap before
{Heap before GC invocations=252 (full 0):
 garbage-first heap   total 199680K, used 173469K [0x00000000a0000000, 0x0000000100000000)
  region size 1024K, 70 young (71680K), 1 survivors (1024K)
 Metaspace       used 94735K, capacity 97399K, committed 97488K, reserved 1134592K
  class space    used 12130K, capacity 13105K, committed 13184K, reserved 1048576K
}
Event: 286.120 GC heap after
{Heap after GC invocations=253 (full 0):
 garbage-first heap   total 199680K, used 101731K [0x00000000a0000000, 0x0000000100000000)
  region size 1024K, 1 young (1024K), 1 survivors (1024K)
 Metaspace       used 94735K, capacity 97399K, committed 97488K, reserved 1134592K
  class space    used 12130K, capacity 13105K, committed 13184K, reserved 1048576K
}
Event: 287.501 GC heap before
{Heap before GC invocations=253 (full 0):
 garbage-first heap   total 199680K, used 173411K [0x00000000a0000000, 0x0000000100000000)
  region size 1024K, 71 young (72704K), 1 survivors (1024K)
 Metaspace       used 94736K, capacity 97399K, committed 97488K, reserved 1134592K
  class space    used 12130K, capacity 13105K, committed 13184K, reserved 1048576K
}
Event: 287.504 GC heap after
{Heap after GC invocations=254 (full 0):
 garbage-first heap   total 199680K, used 101782K [0x00000000a0000000, 0x0000000100000000)
  region size 1024K, 1 young (1024K), 1 survivors (1024K)
 Metaspace       used 94736K, capacity 97399K, committed 97488K, reserved 1134592K
  class space    used 12130K, capacity 13105K, committed 13184K, reserved 1048576K
}
Event: 288.564 GC heap before
{Heap before GC invocations=255 (full 0):
 garbage-first heap   total 199680K, used 175510K [0x00000000a0000000, 0x0000000100000000)
  region size 1024K, 71 young (72704K), 1 survivors (1024K)
 Metaspace       used 94736K, capacity 97399K, committed 97488K, reserved 1134592K
  class space    used 12130K, capacity 13105K, committed 13184K, reserved 1048576K
}
Event: 288.569 GC heap after
{Heap after GC invocations=256 (full 0):
 garbage-first heap   total 199680K, used 104653K [0x00000000a0000000, 0x0000000100000000)
  region size 1024K, 1 young (1024K), 1 survivors (1024K)
 Metaspace       used 94736K, capacity 97399K, committed 97488K, reserved 1134592K
  class space    used 12130K, capacity 13105K, committed 13184K, reserved 1048576K
}
Event: 289.449 GC heap before
{Heap before GC invocations=256 (full 0):
 garbage-first heap   total 199680K, used 175309K [0x00000000a0000000, 0x0000000100000000)
  region size 1024K, 70 young (71680K), 1 survivors (1024K)
 Metaspace       used 94736K, capacity 97399K, committed 97488K, reserved 1134592K
  class space    used 12130K, capacity 13105K, committed 13184K, reserved 1048576K
}
Event: 289.455 GC heap after
{Heap after GC invocations=257 (full 0):
 garbage-first heap   total 199680K, used 105586K [0x00000000a0000000, 0x0000000100000000)
  region size 1024K, 2 young (2048K), 2 survivors (2048K)
 Metaspace       used 94736K, capacity 97399K, committed 97488K, reserved 1134592K
  class space    used 12130K, capacity 13105K, committed 13184K, reserved 1048576K
}
Event: 290.754 GC heap before
{Heap before GC invocations=258 (full 0):
 garbage-first heap   total 199680K, used 175218K [0x00000000a0000000, 0x0000000100000000)
  region size 1024K, 70 young (71680K), 2 survivors (2048K)
 Metaspace       used 94737K, capacity 97400K, committed 97488K, reserved 1134592K
  class space    used 12130K, capacity 13105K, committed 13184K, reserved 1048576K
}
Event: 290.759 GC heap after
{Heap after GC invocations=259 (full 0):
 garbage-first heap   total 199680K, used 102259K [0x00000000a0000000, 0x0000000100000000)
  region size 1024K, 1 young (1024K), 1 survivors (1024K)
 Metaspace       used 94737K, capacity 97400K, committed 97488K, reserved 1134592K
  class space    used 12130K, capacity 13105K, committed 13184K, reserved 1048576K
}
Event: 291.562 GC heap before
{Heap before GC invocations=259 (full 0):
 garbage-first heap   total 199680K, used 172915K [0x00000000a0000000, 0x0000000100000000)
  region size 1024K, 70 young (71680K), 1 survivors (1024K)
 Metaspace       used 94743K, capacity 97401K, committed 97488K, reserved 1134592K
  class space    used 12130K, capacity 13105K, committed 13184K, reserved 1048576K
}
Event: 291.567 GC heap after
{Heap after GC invocations=260 (full 0):
 garbage-first heap   total 199680K, used 101872K [0x00000000a0000000, 0x0000000100000000)
  region size 1024K, 1 young (1024K), 1 survivors (1024K)
 Metaspace       used 94743K, capacity 97401K, committed 97488K, reserved 1134592K
  class space    used 12130K, capacity 13105K, committed 13184K, reserved 1048576K
}
Event: 295.957 GC heap before
{Heap before GC invocations=261 (full 0):
 garbage-first heap   total 199680K, used 175600K [0x00000000a0000000, 0x0000000100000000)
  region size 1024K, 71 young (72704K), 1 survivors (1024K)
 Metaspace       used 97039K, capacity 99844K, committed 100176K, reserved 1136640K
  class space    used 12439K, capacity 13461K, committed 13568K, reserved 1048576K
}
Event: 295.983 GC heap after
{Heap after GC invocations=262 (full 0):
 garbage-first heap   total 199680K, used 112261K [0x00000000a0000000, 0x0000000100000000)
  region size 1024K, 8 young (8192K), 8 survivors (8192K)
 Metaspace       used 97039K, capacity 99844K, committed 100176K, reserved 1136640K
  class space    used 12439K, capacity 13461K, committed 13568K, reserved 1048576K
}
Event: 300.625 GC heap before
{Heap before GC invocations=262 (full 0):
 garbage-first heap   total 199680K, used 169605K [0x00000000a0000000, 0x0000000100000000)
  region size 1024K, 64 young (65536K), 8 survivors (8192K)
 Metaspace       used 102056K, capacity 104864K, committed 104912K, reserved 1140736K
  class space    used 13134K, capacity 14175K, committed 14208K, reserved 1048576K
}
Event: 300.670 GC heap after
{Heap after GC invocations=263 (full 0):
 garbage-first heap   total 199680K, used 116111K [0x00000000a0000000, 0x0000000100000000)
  region size 1024K, 4 young (4096K), 4 survivors (4096K)
 Metaspace       used 102056K, capacity 104864K, committed 104912K, reserved 1140736K
  class space    used 13134K, capacity 14175K, committed 14208K, reserved 1048576K
}
Event: 304.791 GC heap before
{Heap before GC invocations=264 (full 0):
 garbage-first heap   total 199680K, used 170383K [0x00000000a0000000, 0x0000000100000000)
  region size 1024K, 57 young (58368K), 4 survivors (4096K)
 Metaspace       used 104048K, capacity 107013K, committed 107216K, reserved 1142784K
  class space    used 13365K, capacity 14414K, committed 14464K, reserved 1048576K
}
Event: 304.843 GC heap after
{Heap after GC invocations=265 (full 0):
 garbage-first heap   total 199680K, used 122433K [0x00000000a0000000, 0x0000000100000000)
  region size 1024K, 8 young (8192K), 8 survivors (8192K)
 Metaspace       used 104048K, capacity 107013K, committed 107216K, reserved 1142784K
  class space    used 13365K, capacity 14414K, committed 14464K, reserved 1048576K
}

